<?xml version="1.0" encoding="UTF-8"?>
<testng-results ignored="0" total="2" passed="2" failed="0" skipped="0">
  <reporter-output>
  </reporter-output>
  <suite started-at="2025-10-02T02:16:54 IST" name="Suite" finished-at="2025-10-02T02:19:05 IST" duration-ms="131245">
    <groups>
    </groups>
    <test started-at="2025-10-02T02:16:54 IST" name="Test" finished-at="2025-10-02T02:19:05 IST" duration-ms="131245">
      <class name="Test_Scenerio.Test_Scenerio001_SignUp">
        <test-method is-config="true" signature="setUp()[pri:0, instance:Test_Scenerio.Test_Scenerio001_SignUp@7bba5817]" started-at="2025-10-02T02:18:36 IST" name="setUp" finished-at="2025-10-02T02:18:44 IST" duration-ms="8435" status="PASS">
          <reporter-output>
          </reporter-output>
        </test-method> <!-- setUp -->
        <test-method signature="testSignupButton()[pri:0, instance:Test_Scenerio.Test_Scenerio001_SignUp@7bba5817]" started-at="2025-10-02T02:18:44 IST" name="testSignupButton" finished-at="2025-10-02T02:18:59 IST" duration-ms="14831" status="PASS">
          <reporter-output>
          </reporter-output>
        </test-method> <!-- testSignupButton -->
        <test-method is-config="true" signature="tearDown()[pri:0, instance:Test_Scenerio.Test_Scenerio001_SignUp@7bba5817]" started-at="2025-10-02T02:18:59 IST" name="tearDown" finished-at="2025-10-02T02:19:02 IST" duration-ms="2725" status="PASS">
          <reporter-output>
          </reporter-output>
        </test-method> <!-- tearDown -->
      </class> <!-- Test_Scenerio.Test_Scenerio001_SignUp -->
      <class name="Test_Scenerio.Test_Scenerio002_SearchFun">
        <test-method is-config="true" signature="setUp()[pri:0, instance:Test_Scenerio.Test_Scenerio002_SearchFun@548d708a]" started-at="2025-10-02T02:16:54 IST" name="setUp" finished-at="2025-10-02T02:17:03 IST" duration-ms="9076" status="PASS">
          <reporter-output>
          </reporter-output>
        </test-method> <!-- setUp -->
        <test-method signature="testSearchInputVisibility()[pri:0, instance:Test_Scenerio.Test_Scenerio002_SearchFun@548d708a]" started-at="2025-10-02T02:17:03 IST" name="testSearchInputVisibility" finished-at="2025-10-02T02:18:36 IST" duration-ms="92472" status="PASS">
          <reporter-output>
          </reporter-output>
        </test-method> <!-- testSearchInputVisibility -->
        <test-method is-config="true" signature="tearDown()[pri:0, instance:Test_Scenerio.Test_Scenerio002_SearchFun@548d708a]" started-at="2025-10-02T02:19:02 IST" name="tearDown" finished-at="2025-10-02T02:19:05 IST" duration-ms="3501" status="PASS">
          <reporter-output>
          </reporter-output>
        </test-method> <!-- tearDown -->
      </class> <!-- Test_Scenerio.Test_Scenerio002_SearchFun -->
    </test> <!-- Test -->
  </suite> <!-- Suite -->
</testng-results>
